<?xml version="1.0" encoding="UTF-8"?>
<!-- Generated by org.testng.reporters.JUnitReportReporter -->
<testsuite hostname="DESKTOP-FEDV7R8" failures="0" tests="1" name="seleniumproj.seleniumproj.AppTest" time="0.001" errors="0" timestamp="2023-07-07T19:24:19 EDT" skipped="0">
  <testcase classname="seleniumproj.seleniumproj.AppTest" name="testApp" time="0.001"/>
  <system-out/>
</testsuite> <!-- seleniumproj.seleniumproj.AppTest -->
