<?xml version="1.0" encoding="UTF-8"?>
<!-- Generated by org.testng.reporters.JUnitReportReporter -->
<testsuite hostname="DESKTOP-FEDV7R8" failures="0" tests="1" name="testing.com.Annotation1" time="0.002" errors="0" timestamp="2023-07-06T21:09:45 EDT" skipped="0">
  <testcase classname="testing.com.Annotation1" name="hutum" time="0.002"/>
  <system-out/>
</testsuite> <!-- testing.com.Annotation1 -->
