<?xml version="1.0" encoding="UTF-8"?>
<!-- Generated by org.testng.reporters.JUnitReportReporter -->
<testsuite hostname="DESKTOP-FEDV7R8" failures="0" tests="1" name="testing.com.Annotation2" time="0.012" errors="0" timestamp="2023-07-06T21:09:45 EDT" skipped="0">
  <testcase classname="testing.com.Annotation2" name="test1" time="0.012"/>
  <system-out/>
</testsuite> <!-- testing.com.Annotation2 -->
