<?xml version="1.0" encoding="UTF-8"?>
<!-- Generated by org.testng.reporters.JUnitReportReporter -->
<testsuite hostname="DESKTOP-FEDV7R8" failures="0" tests="2" name="test.tanu.Secondclass" time="0.004" errors="0" timestamp="2023-07-06T21:09:45 EDT" skipped="0">
  <testcase classname="test.tanu.Secondclass" name="search" time="0.002"/>
  <system-out/>
  <testcase classname="test.tanu.Secondclass" name="advancesearch" time="0.002"/>
  <system-out/>
</testsuite> <!-- test.tanu.Secondclass -->
