<?xml version="1.0" encoding="UTF-8"?>
<!-- Generated by org.testng.reporters.JUnitReportReporter -->
<testsuite hostname="DESKTOP-FEDV7R8" failures="0" tests="10" name="test.tanu.Invocationcount" time="0.016" errors="0" timestamp="2023-07-06T21:09:45 EDT" skipped="0">
  <testcase classname="test.tanu.Invocationcount" name="test" time="0.001"/>
  <system-out/>
  <testcase classname="test.tanu.Invocationcount" name="test" time="0.002"/>
  <system-out/>
  <testcase classname="test.tanu.Invocationcount" name="test" time="0.002"/>
  <system-out/>
  <testcase classname="test.tanu.Invocationcount" name="test" time="0.001"/>
  <system-out/>
  <testcase classname="test.tanu.Invocationcount" name="test" time="0.002"/>
  <system-out/>
  <testcase classname="test.tanu.Invocationcount" name="test" time="0.002"/>
  <system-out/>
  <testcase classname="test.tanu.Invocationcount" name="test" time="0.002"/>
  <system-out/>
  <testcase classname="test.tanu.Invocationcount" name="test" time="0.002"/>
  <system-out/>
  <testcase classname="test.tanu.Invocationcount" name="test" time="0.001"/>
  <system-out/>
  <testcase classname="test.tanu.Invocationcount" name="test" time="0.001"/>
  <system-out/>
</testsuite> <!-- test.tanu.Invocationcount -->
