<?xml version="1.0" encoding="UTF-8"?>
<!-- Generated by org.testng.reporters.JUnitReportReporter -->
<testsuite hostname="DESKTOP-FEDV7R8" failures="0" tests="9" name="Grouping.com.Grouping" time="0.013" errors="0" timestamp="2023-07-06T21:09:45 EDT" skipped="0">
  <testcase classname="Grouping.com.Grouping" name="loginbyemail" time="0.002"/>
  <system-out/>
  <testcase classname="Grouping.com.Grouping" name="loginbyfacebook" time="0.001"/>
  <system-out/>
  <testcase classname="Grouping.com.Grouping" name="loginbytwitter" time="0.002"/>
  <system-out/>
  <testcase classname="Grouping.com.Grouping" name="sighnupbyemail" time="0.001"/>
  <system-out/>
  <testcase classname="Grouping.com.Grouping" name="sighnupbyfacebook" time="0.001"/>
  <system-out/>
  <testcase classname="Grouping.com.Grouping" name="sighnupbytwitter" time="0.001"/>
  <system-out/>
  <testcase classname="Grouping.com.Grouping" name="payemntinrupees" time="0.001"/>
  <system-out/>
  <testcase classname="Grouping.com.Grouping" name="payemntindollar" time="0.002"/>
  <system-out/>
  <testcase classname="Grouping.com.Grouping" name="payemntreturnbybank" time="0.002"/>
  <system-out/>
</testsuite> <!-- Grouping.com.Grouping -->
