<?xml version="1.0" encoding="UTF-8"?>
<!-- Generated by org.testng.reporters.JUnitReportReporter -->
<testsuite hostname="DESKTOP-FEDV7R8" name="testng.com.Secondclass" tests="2" failures="0" timestamp="15 Jun 2023 23:42:23 GMT" time="0.004" errors="0">
  <testcase name="test2" time="0.002" classname="testng.com.Secondclass"/>
  <testcase name="test1" time="0.002" classname="testng.com.Secondclass"/>
</testsuite> <!-- testng.com.Secondclass -->
