<?xml version="1.0" encoding="UTF-8"?>
<!-- Generated by org.testng.reporters.JUnitReportReporter -->
<testsuite hostname="DESKTOP-FEDV7R8" name="testng.com.Firstclass" tests="1" failures="0" timestamp="15 Jun 2023 23:42:23 GMT" time="5.420" errors="0">
  <testcase name="login" time="5.420" classname="testng.com.Firstclass"/>
</testsuite> <!-- testng.com.Firstclass -->
