<?xml version="1.0" encoding="UTF-8"?>
<!-- Generated by org.testng.reporters.JUnitReportReporter -->
<testsuite hostname="DESKTOP-FEDV7R8" name="testng.com.Annotation1" tests="2" failures="0" timestamp="25 Jun 2023 00:57:51 GMT" time="0.002" errors="0">
  <testcase name="advancedsearch" time="0.002" classname="testng.com.Annotation1"/>
  <testcase name="search" time="0.000" classname="testng.com.Annotation1"/>
</testsuite> <!-- testng.com.Annotation1 -->
